#
# There is insufficient memory for the Java Runtime Environment to continue.
# Native memory allocation (malloc) failed to allocate 472336 bytes for Chunk::new
# Possible reasons:
#   The system is out of physical RAM or swap space
#   In 32 bit mode, the process size limit was hit
# Possible solutions:
#   Reduce memory load on the system
#   Increase physical memory or swap space
#   Check if swap backing store is full
#   Use 64 bit Java on a 64 bit OS
#   Decrease Java heap size (-Xmx/-Xms)
#   Decrease number of Java threads
#   Decrease Java thread stack sizes (-Xss)
#   Set larger code cache with -XX:ReservedCodeCacheSize=
# This output file may be truncated or incomplete.
#
#  Out of Memory Error (allocation.cpp:390), pid=11372, tid=12228
#
# JRE version: Java(TM) SE Runtime Environment (8.0_60-b27) (build 1.8.0_60-b27)
# Java VM: Java HotSpot(TM) 64-Bit Server VM (25.60-b23 mixed mode windows-amd64 compressed oops)
# Failed to write core dump. Minidumps are not enabled by default on client versions of Windows
#

---------------  T H R E A D  ---------------

Current thread (0x0000000014d39800):  JavaThread "C2 CompilerThread1" daemon [_thread_in_native, id=12228, stack(0x0000000016450000,0x0000000016550000)]

Stack: [0x0000000016450000,0x0000000016550000]
[error occurred during error reporting (printing stack bounds), id 0xc0000005]

Native frames: (J=compiled Java code, j=interpreted, Vv=VM code, C=native code)


Current CompileTask:
C2:   5075 1220   !   4       java.lang.ClassLoader::loadClass (122 bytes)


---------------  P R O C E S S  ---------------

Java Threads: ( => current thread )
  0x0000000017b5e800 JavaThread "Stdin handler" [_thread_blocked, id=832, stack(0x0000000019500000,0x0000000019600000)]
  0x0000000017b5b800 JavaThread "Asynchronous log dispatcher for org.gradle.launcher.daemon.server.DefaultDaemonConnection@32fa4470" [_thread_blocked, id=13108, stack(0x0000000019400000,0x0000000019500000)]
  0x0000000017276000 JavaThread "Daemon worker" [_thread_in_vm, id=12820, stack(0x0000000019300000,0x0000000019400000)]
  0x0000000017271800 JavaThread "Cancel handler" [_thread_blocked, id=2440, stack(0x0000000019200000,0x0000000019300000)]
  0x000000001727b000 JavaThread "Handler for socket connection from /127.0.0.1:38045 to /127.0.0.1:38046" [_thread_in_native, id=5596, stack(0x0000000019100000,0x0000000019200000)]
  0x000000001727e800 JavaThread "Daemon" [_thread_blocked, id=11700, stack(0x0000000019000000,0x0000000019100000)]
  0x0000000017225800 JavaThread "Incoming local TCP Connector on port 38045" [_thread_in_native, id=9720, stack(0x0000000018900000,0x0000000018a00000)]
  0x000000001793c000 JavaThread "pool-1-thread-1" [_thread_blocked, id=3468, stack(0x0000000017450000,0x0000000017550000)]
  0x0000000014d3e800 JavaThread "Service Thread" daemon [_thread_blocked, id=9276, stack(0x0000000016a50000,0x0000000016b50000)]
  0x0000000014d3c800 JavaThread "C1 CompilerThread2" daemon [_thread_blocked, id=8612, stack(0x0000000016550000,0x0000000016650000)]
=>0x0000000014d39800 JavaThread "C2 CompilerThread1" daemon [_thread_in_native, id=12228, stack(0x0000000016450000,0x0000000016550000)]
  0x0000000014cde000 JavaThread "C2 CompilerThread0" daemon [_thread_blocked, id=11760, stack(0x0000000016350000,0x0000000016450000)]
  0x0000000014cdc000 JavaThread "Attach Listener" daemon [_thread_blocked, id=10820, stack(0x0000000016250000,0x0000000016350000)]
  0x0000000014cdb000 JavaThread "Signal Dispatcher" daemon [_thread_blocked, id=6628, stack(0x0000000016150000,0x0000000016250000)]
  0x0000000002602000 JavaThread "Finalizer" daemon [_thread_blocked, id=9648, stack(0x0000000015f40000,0x0000000016040000)]
  0x0000000014ca9800 JavaThread "Reference Handler" daemon [_thread_blocked, id=10364, stack(0x0000000015e40000,0x0000000015f40000)]
  0x0000000000b7e800 JavaThread "main" [_thread_blocked, id=9860, stack(0x0000000002310000,0x0000000002410000)]

Other Threads:
  0x0000000014ca7000 VMThread [stack: 0x0000000015d40000,0x0000000015e40000] [id=3912]
  0x0000000016656800 WatcherThread [stack: 0x0000000016b50000,0x0000000016c50000] [id=6092]

VM state:not at safepoint (normal execution)

VM Mutex/Monitor currently owned by a thread: None

Heap:
 PSYoungGen      total 38400K, used 8705K [0x00000000eab00000, 0x00000000ed580000, 0x0000000100000000)
  eden space 33280K, 10% used [0x00000000eab00000,0x00000000eae84920,0x00000000ecb80000)
  from space 5120K, 99% used [0x00000000ed080000,0x00000000ed57bdf8,0x00000000ed580000)
  to   space 5120K, 0% used [0x00000000ecb80000,0x00000000ecb80000,0x00000000ed080000)
 ParOldGen       total 87552K, used 854K [0x00000000c0000000, 0x00000000c5580000, 0x00000000eab00000)
  object space 87552K, 0% used [0x00000000c0000000,0x00000000c00d5b90,0x00000000c5580000)
 Metaspace       used 12845K, capacity 13194K, committed 13440K, reserved 1060864K
  class space    used 1764K, capacity 1881K, committed 1920K, reserved 1048576K

Card table byte_map: [0x00000000119d0000,0x0000000011be0000] byte_map_base: 0x00000000113d0000

Marking Bits: (ParMarkBitMap*) 0x000000005376a5b0
 Begin Bits: [0x0000000012140000, 0x0000000013140000)
 End Bits:   [0x0000000013140000, 0x0000000014140000)

Polling page: 0x0000000000690000

CodeCache: size=245760Kb used=4275Kb max_used=4286Kb free=241484Kb
 bounds [0x0000000002610000, 0x0000000002a50000, 0x0000000011610000]
 total_blobs=1579 nmethods=1220 adapters=272
 compilation: enabled

Compilation events (10 events):
Event: 5.021 Thread 0x0000000014d3c800 nmethod 1218 0x0000000002a351d0 code [0x0000000002a353a0, 0x0000000002a357f8]
Event: 5.021 Thread 0x0000000014d3c800 1212       3       org.objectweb.asm.Item::<init> (66 bytes)
Event: 5.021 Thread 0x0000000014d3c800 nmethod 1212 0x0000000002a3e190 code [0x0000000002a3e300, 0x0000000002a3e530]
Event: 5.022 Thread 0x0000000014d3c800 1215  s    3       java.lang.StringBuffer::append (15 bytes)
Event: 5.022 Thread 0x0000000014d3c800 nmethod 1215 0x0000000002a3e610 code [0x0000000002a3e780, 0x0000000002a3eaa8]
Event: 5.039 Thread 0x0000000014d3c800 1219       3       java.net.URI::match (56 bytes)
Event: 5.040 Thread 0x0000000014d3c800 nmethod 1219 0x0000000002a3eb90 code [0x0000000002a3ed00, 0x0000000002a3f010]
Event: 5.053 Thread 0x0000000014d39800 1220   !   4       java.lang.ClassLoader::loadClass (122 bytes)
Event: 5.060 Thread 0x0000000014cde000 1221   !   4       java.util.WeakHashMap::expungeStaleEntries (139 bytes)
Event: 5.061 Thread 0x0000000014cde000 nmethod 1221 0x0000000002a2c410 code [0x0000000002a2c540, 0x0000000002a2c5d8]

GC Heap History (4 events):
Event: 2.547 GC heap before
{Heap before GC invocations=1 (full 0):
 PSYoungGen      total 38400K, used 33280K [0x00000000eab00000, 0x00000000ed580000, 0x0000000100000000)
  eden space 33280K, 100% used [0x00000000eab00000,0x00000000ecb80000,0x00000000ecb80000)
  from space 5120K, 0% used [0x00000000ed080000,0x00000000ed080000,0x00000000ed580000)
  to   space 5120K, 0% used [0x00000000ecb80000,0x00000000ecb80000,0x00000000ed080000)
 ParOldGen       total 87552K, used 0K [0x00000000c0000000, 0x00000000c5580000, 0x00000000eab00000)
  object space 87552K, 0% used [0x00000000c0000000,0x00000000c0000000,0x00000000c5580000)
 Metaspace       used 6164K, capacity 6428K, committed 6528K, reserved 1056768K
  class space    used 793K, capacity 868K, committed 896K, reserved 1048576K
Event: 2.556 GC heap after
Heap after GC invocations=1 (full 0):
 PSYoungGen      total 38400K, used 4091K [0x00000000eab00000, 0x00000000ed580000, 0x0000000100000000)
  eden space 33280K, 0% used [0x00000000eab00000,0x00000000eab00000,0x00000000ecb80000)
  from space 5120K, 79% used [0x00000000ecb80000,0x00000000ecf7efa0,0x00000000ed080000)
  to   space 5120K, 0% used [0x00000000ed080000,0x00000000ed080000,0x00000000ed580000)
 ParOldGen       total 87552K, used 8K [0x00000000c0000000, 0x00000000c5580000, 0x00000000eab00000)
  object space 87552K, 0% used [0x00000000c0000000,0x00000000c0002000,0x00000000c5580000)
 Metaspace       used 6164K, capacity 6428K, committed 6528K, reserved 1056768K
  class space    used 793K, capacity 868K, committed 896K, reserved 1048576K
}
Event: 4.897 GC heap before
{Heap before GC invocations=2 (full 0):
 PSYoungGen      total 38400K, used 37371K [0x00000000eab00000, 0x00000000ed580000, 0x0000000100000000)
  eden space 33280K, 100% used [0x00000000eab00000,0x00000000ecb80000,0x00000000ecb80000)
  from space 5120K, 79% used [0x00000000ecb80000,0x00000000ecf7efa0,0x00000000ed080000)
  to   space 5120K, 0% used [0x00000000ed080000,0x00000000ed080000,0x00000000ed580000)
 ParOldGen       total 87552K, used 8K [0x00000000c0000000, 0x00000000c5580000, 0x00000000eab00000)
  object space 87552K, 0% used [0x00000000c0000000,0x00000000c0002000,0x00000000c5580000)
 Metaspace       used 12356K, capacity 12746K, committed 12928K, reserved 1060864K
  class space    used 1686K, capacity 1817K, committed 1920K, reserved 1048576K
Event: 4.914 GC heap after
Heap after GC invocations=2 (full 0):
 PSYoungGen      total 38400K, used 5103K [0x00000000eab00000, 0x00000000ed580000, 0x0000000100000000)
  eden space 33280K, 0% used [0x00000000eab00000,0x00000000eab00000,0x00000000ecb80000)
  from space 5120K, 99% used [0x00000000ed080000,0x00000000ed57bdf8,0x00000000ed580000)
  to   space 5120K, 0% used [0x00000000ecb80000,0x00000000ecb80000,0x00000000ed080000)
 ParOldGen       total 87552K, used 854K [0x00000000c0000000, 0x00000000c5580000, 0x00000000eab00000)
  object space 87552K, 0% used [0x00000000c0000000,0x00000000c00d5b90,0x00000000c5580000)
 Metaspace       used 12356K, capacity 12746K, committed 12928K, reserved 1060864K
  class space    used 1686K, capacity 1817K, committed 1920K, reserved 1048576K
}

Deoptimization events (10 events):
Event: 2.877 Thread 0x0000000000b7e800 Uncommon trap: reason=unstable_if action=reinterpret pc=0x00000000028ac090 method=java.util.HashMap.getNode(ILjava/lang/Object;)Ljava/util/HashMap$Node; @ 129
Event: 2.877 Thread 0x0000000000b7e800 Uncommon trap: reason=bimorphic action=maybe_recompile pc=0x0000000002864b04 method=java.util.HashMap.putVal(ILjava/lang/Object;Ljava/lang/Object;ZZ)Ljava/lang/Object; @ 203
Event: 3.183 Thread 0x0000000000b7e800 Uncommon trap: reason=unstable_if action=reinterpret pc=0x00000000028dce70 method=java.io.WinNTFileSystem.normalize(Ljava/lang/String;)Ljava/lang/String; @ 128
Event: 3.183 Thread 0x0000000000b7e800 Uncommon trap: reason=unstable_if action=reinterpret pc=0x00000000028bce84 method=java.io.WinNTFileSystem.normalize(Ljava/lang/String;II)Ljava/lang/String; @ 90
Event: 3.223 Thread 0x0000000000b7e800 Uncommon trap: reason=unstable_if action=reinterpret pc=0x00000000028f01fc method=java.lang.String.substring(I)Ljava/lang/String; @ 35
Event: 4.300 Thread 0x0000000017225800 Uncommon trap: reason=bimorphic action=maybe_recompile pc=0x0000000002864abc method=java.util.HashMap.putVal(ILjava/lang/Object;Ljava/lang/Object;ZZ)Ljava/lang/Object; @ 91
Event: 4.304 Thread 0x0000000017225800 Uncommon trap: reason=bimorphic action=maybe_recompile pc=0x0000000002864abc method=java.util.HashMap.putVal(ILjava/lang/Object;Ljava/lang/Object;ZZ)Ljava/lang/Object; @ 91
Event: 4.554 Thread 0x0000000017276000 Uncommon trap: reason=bimorphic action=maybe_recompile pc=0x0000000002869288 method=java.util.HashMap.putVal(ILjava/lang/Object;Ljava/lang/Object;ZZ)Ljava/lang/Object; @ 91
Event: 4.894 Thread 0x0000000017276000 Uncommon trap: reason=bimorphic action=maybe_recompile pc=0x0000000002889d34 method=java.util.HashMap.putVal(ILjava/lang/Object;Ljava/lang/Object;ZZ)Ljava/lang/Object; @ 203
Event: 5.039 Thread 0x0000000017276000 Uncommon trap: reason=unstable_if action=reinterpret pc=0x0000000002759b88 method=java.net.URI.match(CJJ)Z @ 19

Internal exceptions (10 events):
Event: 4.532 Thread 0x0000000017276000 Exception <a 'java/lang/NoSuchMethodError': <clinit>> (0x00000000ebfbe868) thrown at [C:\re\workspace\8-2-build-windows-amd64-cygwin\jdk8u60\4407\hotspot\src\share\vm\prims\jni.cpp, line 1591]
Event: 4.616 Thread 0x0000000017276000 Exception <a 'java/lang/ArrayIndexOutOfBoundsException'> (0x00000000ec158c38) thrown at [C:\re\workspace\8-2-build-windows-amd64-cygwin\jdk8u60\4407\hotspot\src\share\vm\runtime\sharedRuntime.cpp, line 605]
Event: 4.645 Thread 0x0000000017276000 Exception <a 'java/lang/ArrayIndexOutOfBoundsException'> (0x00000000ec2268e0) thrown at [C:\re\workspace\8-2-build-windows-amd64-cygwin\jdk8u60\4407\hotspot\src\share\vm\runtime\sharedRuntime.cpp, line 605]
Event: 4.645 Thread 0x0000000017276000 Exception <a 'java/lang/ArrayIndexOutOfBoundsException'> (0x00000000ec227c68) thrown at [C:\re\workspace\8-2-build-windows-amd64-cygwin\jdk8u60\4407\hotspot\src\share\vm\runtime\sharedRuntime.cpp, line 605]
Event: 4.650 Thread 0x0000000017276000 Exception <a 'java/lang/ArrayIndexOutOfBoundsException'> (0x00000000ec243228) thrown at [C:\re\workspace\8-2-build-windows-amd64-cygwin\jdk8u60\4407\hotspot\src\share\vm\runtime\sharedRuntime.cpp, line 605]
Event: 4.696 Thread 0x0000000017276000 Exception <a 'java/lang/ArrayIndexOutOfBoundsException'> (0x00000000ec40f750) thrown at [C:\re\workspace\8-2-build-windows-amd64-cygwin\jdk8u60\4407\hotspot\src\share\vm\runtime\sharedRuntime.cpp, line 605]
Event: 4.696 Thread 0x0000000017276000 Exception <a 'java/lang/ArrayIndexOutOfBoundsException'> (0x00000000ec412700) thrown at [C:\re\workspace\8-2-build-windows-amd64-cygwin\jdk8u60\4407\hotspot\src\share\vm\runtime\sharedRuntime.cpp, line 605]
Event: 4.697 Thread 0x0000000017276000 Exception <a 'java/lang/ArrayIndexOutOfBoundsException'> (0x00000000ec427e20) thrown at [C:\re\workspace\8-2-build-windows-amd64-cygwin\jdk8u60\4407\hotspot\src\share\vm\runtime\sharedRuntime.cpp, line 605]
Event: 4.743 Thread 0x0000000017276000 Exception <a 'java/lang/ArrayIndexOutOfBoundsException'> (0x00000000ec699308) thrown at [C:\re\workspace\8-2-build-windows-amd64-cygwin\jdk8u60\4407\hotspot\src\share\vm\runtime\sharedRuntime.cpp, line 605]
Event: 4.766 Thread 0x0000000017276000 Exception <a 'java/lang/ArrayIndexOutOfBoundsException'> (0x00000000ec849b30) thrown at [C:\re\workspace\8-2-build-windows-amd64-cygwin\jdk8u60\4407\hotspot\src\share\vm\runtime\sharedRuntime.cpp, line 605]

Events (10 events):
Event: 5.064 loading class org/gradle/api/InvalidUserDataException
Event: 5.064 loading class org/gradle/api/InvalidUserDataException done
Event: 5.064 loading class org/gradle/api/internal/ConventionAwareHelper$Value
Event: 5.064 loading class org/gradle/api/internal/ConventionAwareHelper$Value done
Event: 5.065 loading class org/gradle/internal/metaobject/BeanDynamicObject$MetaClassAdapter
Event: 5.065 loading class org/gradle/internal/metaobject/BeanDynamicObject$MetaClassAdapter done
Event: 5.066 loading class org/gradle/internal/metaobject/BeanDynamicObject$ClassAdapter
Event: 5.066 loading class org/gradle/internal/metaobject/BeanDynamicObject$ClassAdapter done
Event: 5.067 loading class org/gradle/internal/metaobject/BeanDynamicObject$GroovyObjectAdapter
Event: 5.067 loading class org/gradle/internal/metaobject/BeanDynamicObject$GroovyObjectAdapter done


Dynamic libraries:
0x00007ff7d8640000 - 0x00007ff7d8677000 	C:\Program Files\Java\jdk1.8.0_60\bin\java.exe
0x00007ffee30e0000 - 0x00007ffee32b1000 	C:\WINDOWS\SYSTEM32\ntdll.dll
0x00007ffee22b0000 - 0x00007ffee235b000 	C:\WINDOWS\System32\KERNEL32.DLL
0x00007ffee0450000 - 0x00007ffee066d000 	C:\WINDOWS\System32\KERNELBASE.dll
0x00007ffee2dd0000 - 0x00007ffee2e72000 	C:\WINDOWS\System32\ADVAPI32.dll
0x00007ffee2980000 - 0x00007ffee2a1e000 	C:\WINDOWS\System32\msvcrt.dll
0x00007ffee2bb0000 - 0x00007ffee2c09000 	C:\WINDOWS\System32\sechost.dll
0x00007ffee2c40000 - 0x00007ffee2d61000 	C:\WINDOWS\System32\RPCRT4.dll
0x00007ffee2810000 - 0x00007ffee2975000 	C:\WINDOWS\System32\USER32.dll
0x00007ffedf890000 - 0x00007ffedf8ae000 	C:\WINDOWS\System32\win32u.dll
0x00007ffee2a20000 - 0x00007ffee2a54000 	C:\WINDOWS\System32\GDI32.dll
0x00007ffedfad0000 - 0x00007ffedfc52000 	C:\WINDOWS\System32\gdi32full.dll
0x00007ffed4350000 - 0x00007ffed45c9000 	C:\WINDOWS\WinSxS\amd64_microsoft.windows.common-controls_6595b64144ccf1df_6.0.14393.447_none_42191651c6827bb3\COMCTL32.dll
0x00007ffee0670000 - 0x00007ffee0937000 	C:\WINDOWS\System32\combase.dll
0x00007ffedf5d0000 - 0x00007ffedf6c5000 	C:\WINDOWS\System32\ucrtbase.dll
0x00007ffedf820000 - 0x00007ffedf88a000 	C:\WINDOWS\System32\bcryptPrimitives.dll
0x00007ffee2c10000 - 0x00007ffee2c3e000 	C:\WINDOWS\System32\IMM32.DLL
0x0000000052d40000 - 0x0000000052e12000 	C:\Program Files\Java\jdk1.8.0_60\jre\bin\msvcr100.dll
0x0000000052f60000 - 0x00000000537e9000 	C:\Program Files\Java\jdk1.8.0_60\jre\bin\server\jvm.dll
0x00007ffee2ba0000 - 0x00007ffee2ba8000 	C:\WINDOWS\System32\PSAPI.DLL
0x00007ffeddab0000 - 0x00007ffeddab9000 	C:\WINDOWS\SYSTEM32\WSOCK32.dll
0x00007ffee2790000 - 0x00007ffee27fa000 	C:\WINDOWS\System32\WS2_32.dll
0x00007ffedd8f0000 - 0x00007ffedd913000 	C:\WINDOWS\SYSTEM32\WINMM.dll
0x00007ffed3d80000 - 0x00007ffed3d8a000 	C:\WINDOWS\SYSTEM32\VERSION.dll
0x00007ffedd890000 - 0x00007ffedd8bb000 	C:\WINDOWS\SYSTEM32\WINMMBASE.dll
0x00007ffedfa80000 - 0x00007ffedfac2000 	C:\WINDOWS\System32\cfgmgr32.dll
0x0000000053dd0000 - 0x0000000053ddf000 	C:\Program Files\Java\jdk1.8.0_60\jre\bin\verify.dll
0x0000000053da0000 - 0x0000000053dc9000 	C:\Program Files\Java\jdk1.8.0_60\jre\bin\java.dll
0x0000000053c50000 - 0x0000000053c66000 	C:\Program Files\Java\jdk1.8.0_60\jre\bin\zip.dll
0x00007ffee0c80000 - 0x00007ffee2189000 	C:\WINDOWS\System32\SHELL32.dll
0x00007ffedfd70000 - 0x00007ffee044a000 	C:\WINDOWS\System32\windows.storage.dll
0x00007ffedf570000 - 0x00007ffedf5bc000 	C:\WINDOWS\System32\powrprof.dll
0x00007ffee0c20000 - 0x00007ffee0c72000 	C:\WINDOWS\System32\shlwapi.dll
0x00007ffedf5c0000 - 0x00007ffedf5cf000 	C:\WINDOWS\System32\kernel.appcore.dll
0x00007ffedf6d0000 - 0x00007ffedf779000 	C:\WINDOWS\System32\shcore.dll
0x00007ffedf550000 - 0x00007ffedf564000 	C:\WINDOWS\System32\profapi.dll
0x0000000053c30000 - 0x0000000053c4a000 	C:\Program Files\Java\jdk1.8.0_60\jre\bin\net.dll
0x00007ffeded20000 - 0x00007ffeded7c000 	C:\WINDOWS\system32\mswsock.dll
0x0000000053c10000 - 0x0000000053c21000 	C:\Program Files\Java\jdk1.8.0_60\jre\bin\nio.dll
0x00007ffed8040000 - 0x00007ffed8052000 	C:\Users\fierro\.gradle\native\19\windows-amd64\native-platform.dll
0x00007ffedf010000 - 0x00007ffedf027000 	C:\WINDOWS\SYSTEM32\CRYPTSP.dll
0x00007ffedef20000 - 0x00007ffedef53000 	C:\WINDOWS\system32\rsaenh.dll
0x00007ffedf120000 - 0x00007ffedf14b000 	C:\WINDOWS\SYSTEM32\bcrypt.dll
0x00007ffedeba0000 - 0x00007ffedebbf000 	C:\WINDOWS\SYSTEM32\USERENV.dll
0x00007ffedf030000 - 0x00007ffedf03b000 	C:\WINDOWS\SYSTEM32\CRYPTBASE.dll
0x00007ffedeab0000 - 0x00007ffedeae8000 	C:\WINDOWS\SYSTEM32\IPHLPAPI.DLL
0x00007ffee0940000 - 0x00007ffee0948000 	C:\WINDOWS\System32\NSI.dll
0x00007ffed7be0000 - 0x00007ffed7bf6000 	C:\WINDOWS\SYSTEM32\dhcpcsvc6.DLL
0x00007ffed7bc0000 - 0x00007ffed7bda000 	C:\WINDOWS\SYSTEM32\dhcpcsvc.DLL
0x0000000053a60000 - 0x0000000053a6d000 	C:\Program Files\Java\jdk1.8.0_60\jre\bin\management.dll

VM Arguments:
jvm_args: -XX:MaxPermSize=256m -XX:+HeapDumpOnOutOfMemoryError -Xmx1024m -Dfile.encoding=windows-1252 -Duser.country=MX -Duser.language=es -Duser.variant 
java_command: org.gradle.launcher.daemon.bootstrap.GradleDaemon 2.14.1
java_class_path (initial): C:\Users\fierro\.gradle\wrapper\dists\gradle-2.14.1-all\8bnwg5hd3w55iofp58khbp6yv\gradle-2.14.1\lib\gradle-launcher-2.14.1.jar
Launcher Type: SUN_STANDARD

Environment Variables:
PATH=C:\ProgramData\Oracle\Java\javapath;C:\Program Files (x86)\Intel\iCLS Client\;C:\Program Files\Intel\iCLS Client\;C:\WINDOWS\system32;C:\WINDOWS;C:\WINDOWS\System32\Wbem;C:\WINDOWS\System32\WindowsPowerShell\v1.0\;C:\Program Files\Hewlett-Packard\SimplePass\;C:\Program Files (x86)\Windows Kits\8.1\Windows Performance Toolkit\;C:\Program Files\Microsoft SQL Server\110\Tools\Binn\;c:\Program Files (x86)\Microsoft SQL Server\100\Tools\Binn\;c:\Program Files (x86)\Microsoft SQL Server\100\DTS\Binn\;c:\Program Files (x86)\Microsoft SQL Server\100\Tools\Binn\VSShell\Common7\IDE\;c:\Program Files (x86)\Microsoft Visual Studio 9.0\Common7\IDE\PrivateAssemblies\;C:\Program Files\Intel\Intel(R) Management Engine Components\DAL;C:\Program Files (x86)\Intel\Intel(R) Management Engine Components\DAL;C:\Program Files\Intel\Intel(R) Management Engine Components\IPT;C:\Program Files (x86)\Intel\Intel(R) Management Engine Components\IPT;C:\xampp\php;C:\ProgramData\ComposerSetup\bin;C:\Program Files (x86)\MySQL\MySQL Fabric 1.5 & MySQL Utilities 1.5\;C:\Program Files (x86)\MySQL\MySQL Fabric 1.5 & MySQL Utilities 1.5\Doctrine extensions for PHP\;C:\Program Files (x86)\Windows Live\Shared;C:\Program Files\Git\cmd;C:\Program Files\nodejs\;C:\Program Files\TortoiseGit\bin;C:\Program Files (x86)\Brackets\command;C:\Users\fierro\AppData\Local\atom\bin;C:\Users\fierro\AppData\Roaming\npm;%USERPROFILE%\AppData\Local\Microsoft\WindowsApps;
USERNAME=CNLS
OS=Windows_NT
PROCESSOR_IDENTIFIER=Intel64 Family 6 Model 69 Stepping 1, GenuineIntel



---------------  S Y S T E M  ---------------

OS: Windows 10.0 , 64 bit Build 14393 (10.0.14393.0)

CPU:total 4 (2 cores per cpu, 2 threads per core) family 6 model 69 stepping 1, cmov, cx8, fxsr, mmx, sse, sse2, sse3, ssse3, sse4.1, sse4.2, popcnt, avx, avx2, aes, clmul, erms, lzcnt, ht, tsc, tscinvbit, bmi1, bmi2

Memory: 4k page, physical 8318808k(627384k free), swap 11896664k(5208k free)

vm_info: Java HotSpot(TM) 64-Bit Server VM (25.60-b23) for windows-amd64 JRE (1.8.0_60-b27), built on Aug  4 2015 11:06:27 by "java_re" with MS VC++ 10.0 (VS2010)

time: Sun Nov 27 18:43:26 2016
elapsed time: 5 seconds (0d 0h 0m 5s)

